2024-04-23 18:01:29,690 - INFO - Найдены файлы Excel: ['340_1876_КНПЗ_23 №32 ТО.xlsx']
2024-04-23 18:01:30,504 - INFO - ----- НАЧАЛО ОБРАБОТКИ ФАЙЛА: 340_1876_КНПЗ_23 №32 ТО.xlsx -----
2024-04-23 18:01:30,505 - INFO - Загружен файл Excel: /Users/yevheniistuzhuk/Coding/GDCExcelWorker/340_1876_КНПЗ_23 №32 ТО.xlsx
2024-04-23 18:01:30,505 - INFO - Доступ к листу "УЗТ (коркарта)"
2024-04-23 18:01:30,505 - INFO - Первая строка таблицы Результаты контроля: 14
2024-04-23 18:01:30,507 - INFO - Последняя строка таблицы Результаты контроля: 290
2024-04-23 18:01:29,690 - INFO - Найдены файлы Excel: ['340_1876_КНПЗ_23 №32 ТО.xlsx']
2024-04-23 18:01:30,504 - INFO - ----- НАЧАЛО ОБРАБОТКИ ФАЙЛА: 340_1876_КНПЗ_23 №32 ТО.xlsx -----
2024-04-23 18:01:30,505 - INFO - Загружен файл Excel: /Users/yevheniistuzhuk/Coding/GDCExcelWorker/340_1876_КНПЗ_23 №32 ТО.xlsx
2024-04-23 18:01:30,505 - INFO - Доступ к листу "УЗТ (коркарта)"
2024-04-23 18:01:30,505 - INFO - Первая строка таблицы Результаты контроля: 14
2024-04-23 18:01:30,507 - INFO - Последняя строка таблицы Результаты контроля: 290
2024-04-23 20:33:44,566 - INFO - Найдены файлы Excel: ['340_1876_КНПЗ_23 №32 ТО.xlsx']
2024-04-23 20:33:45,437 - INFO - ----- НАЧАЛО ОБРАБОТКИ ФАЙЛА: 340_1876_КНПЗ_23 №32 ТО.xlsx -----
2024-04-23 20:33:45,437 - INFO - Загружен файл Excel: /Users/yevheniistuzhuk/Coding/GDCExcelWorker/340_1876_КНПЗ_23 №32 ТО.xlsx
2024-04-23 20:33:45,437 - INFO - Доступ к листу "УЗТ (коркарта)"
2024-04-23 20:33:45,437 - INFO - Первая строка таблицы Результаты контроля: 14
2024-04-23 20:33:45,439 - INFO - Последняя строка таблицы Результаты контроля: 290
2024-04-23 18:01:29,690 - INFO - Найдены файлы Excel: ['340_1876_КНПЗ_23 №32 ТО.xlsx']
2024-04-23 18:01:30,504 - INFO - ----- НАЧАЛО ОБРАБОТКИ ФАЙЛА: 340_1876_КНПЗ_23 №32 ТО.xlsx -----
2024-04-23 18:01:30,505 - INFO - Загружен файл Excel: /Users/yevheniistuzhuk/Coding/GDCExcelWorker/340_1876_КНПЗ_23 №32 ТО.xlsx
2024-04-23 18:01:30,505 - INFO - Доступ к листу "УЗТ (коркарта)"
2024-04-23 18:01:30,505 - INFO - Первая строка таблицы Результаты контроля: 14
2024-04-23 18:01:30,507 - INFO - Последняя строка таблицы Результаты контроля: 290
2024-04-23 18:01:29,690 - INFO - Найдены файлы Excel: ['340_1876_КНПЗ_23 №32 ТО.xlsx']
2024-04-23 18:01:30,504 - INFO - ----- НАЧАЛО ОБРАБОТКИ ФАЙЛА: 340_1876_КНПЗ_23 №32 ТО.xlsx -----
2024-04-23 18:01:30,505 - INFO - Загружен файл Excel: /Users/yevheniistuzhuk/Coding/GDCExcelWorker/340_1876_КНПЗ_23 №32 ТО.xlsx
2024-04-23 18:01:30,505 - INFO - Доступ к листу "УЗТ (коркарта)"
2024-04-23 18:01:30,505 - INFO - Первая строка таблицы Результаты контроля: 14
2024-04-23 18:01:30,507 - INFO - Последняя строка таблицы Результаты контроля: 290
2024-04-23 20:33:44,566 - INFO - Найдены файлы Excel: ['340_1876_КНПЗ_23 №32 ТО.xlsx']
2024-04-23 20:33:45,437 - INFO - ----- НАЧАЛО ОБРАБОТКИ ФАЙЛА: 340_1876_КНПЗ_23 №32 ТО.xlsx -----
2024-04-23 20:33:45,437 - INFO - Загружен файл Excel: /Users/yevheniistuzhuk/Coding/GDCExcelWorker/340_1876_КНПЗ_23 №32 ТО.xlsx
2024-04-23 20:33:45,437 - INFO - Доступ к листу "УЗТ (коркарта)"
2024-04-23 20:33:45,437 - INFO - Первая строка таблицы Результаты контроля: 14
2024-04-23 20:33:45,439 - INFO - Последняя строка таблицы Результаты контроля: 290
2024-04-23 20:35:16,114 - INFO - Найдены файлы Excel: ['340_1876_КНПЗ_23 №32 ТО.xlsx']
2024-04-23 20:35:16,955 - INFO - ----- НАЧАЛО ОБРАБОТКИ ФАЙЛА: 340_1876_КНПЗ_23 №32 ТО.xlsx -----
2024-04-23 20:35:16,955 - INFO - Загружен файл Excel: /Users/yevheniistuzhuk/Coding/GDCExcelWorker/340_1876_КНПЗ_23 №32 ТО.xlsx
2024-04-23 20:35:16,955 - INFO - Доступ к листу "УЗТ (коркарта)"
2024-04-23 20:35:16,955 - INFO - Первая строка таблицы Результаты контроля: 14
2024-04-23 20:35:16,957 - INFO - Последняя строка таблицы Результаты контроля: 290
